<?xml version="1.0" encoding="UTF-8"?>
<!-- Generated by org.testng.reporters.JUnitReportReporter -->
<testsuite skipped="0" hostname="DESKTOP-RRBPV60" name="pckg.Sample" tests="1" failures="0" timestamp="09 Mar 2021 06:48:37 GMT" time="60.078" errors="0">
  <testcase name="test1" time="60.078" classname="pckg.Sample"/>
</testsuite> <!-- pckg.Sample -->
